<testsuites id="" name="" tests="10" failures="0" skipped="0" errors="0" time="51.832205">
<testsuite name="e2e-test.spec.js" timestamp="2025-05-29T16:49:06.754Z" hostname="chromium" tests="10" failures="0" skipped="0" time="215.054" errors="0">
<testcase name="HRMS System E2E Tests â€º Auth App - Login page loads correctly" classname="e2e-test.spec.js" time="30.215">
<system-out>
<![CDATA[ðŸš€ Starting parallel E2E tests with new port configuration (4000-4004)
âœ… Auth App (Port 4000) - Login page test passed
]]>
</system-out>
</testcase>
<testcase name="HRMS System E2E Tests â€º Portal App - Main page loads correctly" classname="e2e-test.spec.js" time="14.748">
<system-out>
<![CDATA[âœ… Portal App (Port 4001) - Main page test passed
]]>
</system-out>
</testcase>
<testcase name="HRMS System E2E Tests â€º HRMS App - Dashboard loads correctly" classname="e2e-test.spec.js" time="42.193">
<system-out>
<![CDATA[ðŸš€ Starting parallel E2E tests with new port configuration (4000-4004)

[[ATTACHMENT|e2e-test-HRMS-System-E2E-T-fdc09---Dashboard-loads-correctly-chromium/test-failed-1.png]]

[[ATTACHMENT|e2e-test-HRMS-System-E2E-T-fdc09---Dashboard-loads-correctly-chromium/video.webm]]

[[ATTACHMENT|e2e-test-HRMS-System-E2E-T-fdc09---Dashboard-loads-correctly-chromium/error-context.md]]
ðŸš€ Starting parallel E2E tests with new port configuration (4000-4004)
âœ… HRMS App (Port 4002) - Dashboard test passed

[[ATTACHMENT|e2e-test-HRMS-System-E2E-T-fdc09---Dashboard-loads-correctly-chromium-retry1/trace.zip]]
]]>
</system-out>
</testcase>
<testcase name="HRMS System E2E Tests â€º Admin App - Dashboard loads correctly" classname="e2e-test.spec.js" time="2.665">
<system-out>
<![CDATA[âœ… Admin App (Port 4003) - Dashboard test passed
]]>
</system-out>
</testcase>
<testcase name="HRMS System E2E Tests â€º Admin App - Navigation test" classname="e2e-test.spec.js" time="32.676">
<system-out>
<![CDATA[ðŸš€ Starting parallel E2E tests with new port configuration (4000-4004)
âœ… Admin App - Navigation test passed
]]>
</system-out>
</testcase>
<testcase name="HRMS System E2E Tests â€º System Status Check - All ports respond" classname="e2e-test.spec.js" time="12.194">
<system-out>
<![CDATA[âœ… Auth App (Port 4000) - HTTP Status: 200
âœ… HRMS App (Port 4002) - HTTP Status: 200
âœ… Portal App (Port 4001) - HTTP Status: 200
âœ… Admin App (Port 4003) - HTTP Status: 200
]]>
</system-out>
</testcase>
<testcase name="HRMS System E2E Tests â€º Auth App - Form validation" classname="e2e-test.spec.js" time="32.529">
<system-out>
<![CDATA[ðŸš€ Starting parallel E2E tests with new port configuration (4000-4004)
âœ… Auth App - Form validation test passed
]]>
</system-out>
</testcase>
<testcase name="HRMS System E2E Tests â€º Admin App - System Status Widget" classname="e2e-test.spec.js" time="3.406">
<system-out>
<![CDATA[âœ… Admin App - System Status Widget test passed
]]>
</system-out>
</testcase>
<testcase name="HRMS System E2E Tests â€º Responsive Design Test" classname="e2e-test.spec.js" time="33.162">
<system-out>
<![CDATA[ðŸš€ Starting parallel E2E tests with new port configuration (4000-4004)
âœ… Responsive Design test passed
]]>
</system-out>
</testcase>
<testcase name="HRMS System E2E Tests â€º Performance Test - Page Load Times" classname="e2e-test.spec.js" time="11.266">
<system-out>
<![CDATA[âœ… Auth App - Load time: 2360ms
âœ… HRMS App - Load time: 1237ms
âœ… Portal App - Load time: 4352ms
âœ… Admin App - Load time: 2052ms
]]>
</system-out>
</testcase>
</testsuite>
</testsuites>